<?xml version="1.0" encoding="UTF-8"?>
<testsuite xmlns:xsi="http://www.w3.org/2001/XMLSchema-instance" xsi:noNamespaceSchemaLocation="https://maven.apache.org/surefire/maven-surefire-plugin/xsd/surefire-test-report-3.0.xsd" version="3.0" name="com.juaracoding.cicd.models.ChatMessageTest" time="0.013" tests="13" errors="0" skipped="0" failures="0">
  <properties>
    <property name="java.specification.version" value="17"/>
    <property name="sun.cpu.isalist" value="amd64"/>
    <property name="sun.jnu.encoding" value="Cp1252"/>
    <property name="java.class.path" value="D:\CICD day5\javaProgram\testcicd\target\test-classes;D:\CICD day5\javaProgram\testcicd\target\classes;C:\Users\PT-DIKA\.m2\repository\com\squareup\okhttp3\okhttp\4.12.0\okhttp-4.12.0.jar;C:\Users\PT-DIKA\.m2\repository\com\squareup\okio\okio\3.6.0\okio-3.6.0.jar;C:\Users\PT-DIKA\.m2\repository\com\squareup\okio\okio-jvm\3.6.0\okio-jvm-3.6.0.jar;C:\Users\PT-DIKA\.m2\repository\org\jetbrains\kotlin\kotlin-stdlib-common\1.9.10\kotlin-stdlib-common-1.9.10.jar;C:\Users\PT-DIKA\.m2\repository\org\jetbrains\kotlin\kotlin-stdlib-jdk8\1.8.21\kotlin-stdlib-jdk8-1.8.21.jar;C:\Users\PT-DIKA\.m2\repository\org\jetbrains\kotlin\kotlin-stdlib\1.8.21\kotlin-stdlib-1.8.21.jar;C:\Users\PT-DIKA\.m2\repository\org\jetbrains\annotations\13.0\annotations-13.0.jar;C:\Users\PT-DIKA\.m2\repository\org\jetbrains\kotlin\kotlin-stdlib-jdk7\1.8.21\kotlin-stdlib-jdk7-1.8.21.jar;C:\Users\PT-DIKA\.m2\repository\com\google\code\gson\gson\2.10.1\gson-2.10.1.jar;C:\Users\PT-DIKA\.m2\repository\org\fusesource\jansi\jansi\2.4.1\jansi-2.4.1.jar;C:\Users\PT-DIKA\.m2\repository\org\junit\jupiter\junit-jupiter-engine\5.10.1\junit-jupiter-engine-5.10.1.jar;C:\Users\PT-DIKA\.m2\repository\org\junit\platform\junit-platform-engine\1.10.1\junit-platform-engine-1.10.1.jar;C:\Users\PT-DIKA\.m2\repository\org\opentest4j\opentest4j\1.3.0\opentest4j-1.3.0.jar;C:\Users\PT-DIKA\.m2\repository\org\junit\platform\junit-platform-commons\1.10.1\junit-platform-commons-1.10.1.jar;C:\Users\PT-DIKA\.m2\repository\org\junit\jupiter\junit-jupiter-api\5.10.1\junit-jupiter-api-5.10.1.jar;C:\Users\PT-DIKA\.m2\repository\org\apiguardian\apiguardian-api\1.1.2\apiguardian-api-1.1.2.jar;C:\Users\PT-DIKA\.m2\repository\org\junit\jupiter\junit-jupiter-params\5.10.1\junit-jupiter-params-5.10.1.jar;C:\Users\PT-DIKA\.m2\repository\org\mockito\mockito-core\5.7.0\mockito-core-5.7.0.jar;C:\Users\PT-DIKA\.m2\repository\net\bytebuddy\byte-buddy\1.14.9\byte-buddy-1.14.9.jar;C:\Users\PT-DIKA\.m2\repository\net\bytebuddy\byte-buddy-agent\1.14.9\byte-buddy-agent-1.14.9.jar;C:\Users\PT-DIKA\.m2\repository\org\objenesis\objenesis\3.3\objenesis-3.3.jar;C:\Users\PT-DIKA\.m2\repository\org\mockito\mockito-junit-jupiter\5.7.0\mockito-junit-jupiter-5.7.0.jar;C:\Users\PT-DIKA\.m2\repository\org\assertj\assertj-core\3.24.2\assertj-core-3.24.2.jar;"/>
    <property name="java.vm.vendor" value="Oracle Corporation"/>
    <property name="sun.arch.data.model" value="64"/>
    <property name="user.variant" value=""/>
    <property name="java.vendor.url" value="https://java.oracle.com/"/>
    <property name="user.timezone" value="Asia/Jakarta"/>
    <property name="os.name" value="Windows 11"/>
    <property name="java.vm.specification.version" value="17"/>
    <property name="sun.java.launcher" value="SUN_STANDARD"/>
    <property name="user.country" value="ID"/>
    <property name="sun.boot.library.path" value="C:\Program Files\Java\jdk-17\bin"/>
    <property name="sun.java.command" value="C:\Users\PT-DIKA\AppData\Local\Temp\surefire1543699679996862746\surefirebooter-20250603120157209_3.jar C:\Users\PT-DIKA\AppData\Local\Temp\surefire1543699679996862746 2025-06-03T12-01-57_071-jvmRun1 surefire-20250603120157209_1tmp surefire_0-20250603120157209_2tmp"/>
    <property name="jdk.debug" value="release"/>
    <property name="surefire.test.class.path" value="D:\CICD day5\javaProgram\testcicd\target\test-classes;D:\CICD day5\javaProgram\testcicd\target\classes;C:\Users\PT-DIKA\.m2\repository\com\squareup\okhttp3\okhttp\4.12.0\okhttp-4.12.0.jar;C:\Users\PT-DIKA\.m2\repository\com\squareup\okio\okio\3.6.0\okio-3.6.0.jar;C:\Users\PT-DIKA\.m2\repository\com\squareup\okio\okio-jvm\3.6.0\okio-jvm-3.6.0.jar;C:\Users\PT-DIKA\.m2\repository\org\jetbrains\kotlin\kotlin-stdlib-common\1.9.10\kotlin-stdlib-common-1.9.10.jar;C:\Users\PT-DIKA\.m2\repository\org\jetbrains\kotlin\kotlin-stdlib-jdk8\1.8.21\kotlin-stdlib-jdk8-1.8.21.jar;C:\Users\PT-DIKA\.m2\repository\org\jetbrains\kotlin\kotlin-stdlib\1.8.21\kotlin-stdlib-1.8.21.jar;C:\Users\PT-DIKA\.m2\repository\org\jetbrains\annotations\13.0\annotations-13.0.jar;C:\Users\PT-DIKA\.m2\repository\org\jetbrains\kotlin\kotlin-stdlib-jdk7\1.8.21\kotlin-stdlib-jdk7-1.8.21.jar;C:\Users\PT-DIKA\.m2\repository\com\google\code\gson\gson\2.10.1\gson-2.10.1.jar;C:\Users\PT-DIKA\.m2\repository\org\fusesource\jansi\jansi\2.4.1\jansi-2.4.1.jar;C:\Users\PT-DIKA\.m2\repository\org\junit\jupiter\junit-jupiter-engine\5.10.1\junit-jupiter-engine-5.10.1.jar;C:\Users\PT-DIKA\.m2\repository\org\junit\platform\junit-platform-engine\1.10.1\junit-platform-engine-1.10.1.jar;C:\Users\PT-DIKA\.m2\repository\org\opentest4j\opentest4j\1.3.0\opentest4j-1.3.0.jar;C:\Users\PT-DIKA\.m2\repository\org\junit\platform\junit-platform-commons\1.10.1\junit-platform-commons-1.10.1.jar;C:\Users\PT-DIKA\.m2\repository\org\junit\jupiter\junit-jupiter-api\5.10.1\junit-jupiter-api-5.10.1.jar;C:\Users\PT-DIKA\.m2\repository\org\apiguardian\apiguardian-api\1.1.2\apiguardian-api-1.1.2.jar;C:\Users\PT-DIKA\.m2\repository\org\junit\jupiter\junit-jupiter-params\5.10.1\junit-jupiter-params-5.10.1.jar;C:\Users\PT-DIKA\.m2\repository\org\mockito\mockito-core\5.7.0\mockito-core-5.7.0.jar;C:\Users\PT-DIKA\.m2\repository\net\bytebuddy\byte-buddy\1.14.9\byte-buddy-1.14.9.jar;C:\Users\PT-DIKA\.m2\repository\net\bytebuddy\byte-buddy-agent\1.14.9\byte-buddy-agent-1.14.9.jar;C:\Users\PT-DIKA\.m2\repository\org\objenesis\objenesis\3.3\objenesis-3.3.jar;C:\Users\PT-DIKA\.m2\repository\org\mockito\mockito-junit-jupiter\5.7.0\mockito-junit-jupiter-5.7.0.jar;C:\Users\PT-DIKA\.m2\repository\org\assertj\assertj-core\3.24.2\assertj-core-3.24.2.jar;"/>
    <property name="sun.cpu.endian" value="little"/>
    <property name="user.home" value="C:\Users\PT-DIKA"/>
    <property name="user.language" value="en"/>
    <property name="java.specification.vendor" value="Oracle Corporation"/>
    <property name="java.version.date" value="2023-10-17"/>
    <property name="java.home" value="C:\Program Files\Java\jdk-17"/>
    <property name="file.separator" value="\"/>
    <property name="basedir" value="D:\CICD day5\javaProgram\testcicd"/>
    <property name="java.vm.compressedOopsMode" value="Zero based"/>
    <property name="line.separator" value="&#10;"/>
    <property name="java.vm.specification.vendor" value="Oracle Corporation"/>
    <property name="java.specification.name" value="Java Platform API Specification"/>
    <property name="surefire.real.class.path" value="C:\Users\PT-DIKA\AppData\Local\Temp\surefire1543699679996862746\surefirebooter-20250603120157209_3.jar"/>
    <property name="user.script" value=""/>
    <property name="sun.management.compiler" value="HotSpot 64-Bit Tiered Compilers"/>
    <property name="java.runtime.version" value="17.0.9+11-LTS-201"/>
    <property name="user.name" value="PT-DIKA"/>
    <property name="path.separator" value=";"/>
    <property name="os.version" value="10.0"/>
    <property name="java.runtime.name" value="Java(TM) SE Runtime Environment"/>
    <property name="file.encoding" value="Cp1252"/>
    <property name="java.vm.name" value="Java HotSpot(TM) 64-Bit Server VM"/>
    <property name="localRepository" value="C:\Users\PT-DIKA\.m2\repository"/>
    <property name="java.vendor.url.bug" value="https://bugreport.java.com/bugreport/"/>
    <property name="java.io.tmpdir" value="C:\Users\PT-DIKA\AppData\Local\Temp\"/>
    <property name="java.version" value="17.0.9"/>
    <property name="user.dir" value="D:\CICD day5\javaProgram\testcicd"/>
    <property name="os.arch" value="amd64"/>
    <property name="java.vm.specification.name" value="Java Virtual Machine Specification"/>
    <property name="sun.os.patch.level" value=""/>
    <property name="native.encoding" value="Cp1252"/>
    <property name="java.library.path" value="C:\Program Files\Java\jdk-17\bin;C:\WINDOWS\Sun\Java\bin;C:\WINDOWS\system32;C:\WINDOWS;C:\Ruby33-x64\bin;C:\Program Files\NVIDIA GPU Computing Toolkit\CUDA\v12.1\bin;C:\Program Files\NVIDIA GPU Computing Toolkit\CUDA\v12.1\libnvvp;C:\Program Files\Common Files\Oracle\Java\javapath;C:\Program Files\NVIDIA GPU Computing Toolkit\CUDA\v11.8\bin;C:\Program Files\NVIDIA GPU Computing Toolkit\CUDA\v11.8\libnvvp;C:\windows\system32;C:\windows;C:\windows\System32\Wbem;C:\windows\System32\WindowsPowerShell\v1.0\;C:\windows\System32\OpenSSH\;C:\Program Files (x86)\NVIDIA Corporation\PhysX\Common;C:\Users\Administrator\AppData\Local\Microsoft\WindowsApps;C:\Windows;C:\Windows\System32;C:\Windows\System32\WindowsPowerShell\v1.0\;C:\Program Files\HP\OMEN-Broadcast\Common;C:\Program Files\dotnet\;D:\ffmpeg-6.1-full_build\ffmpeg-6.1-full_build\bin;C:\Program Files\PuTTY\;C:\Program Files\nodejs\;C:\Program Files (x86)\Windows Kits\10\Windows Performance Toolkit\;D:\OpenCV\opencv\build\x64\vc16\bin\;D:\OpenCV\opencv\build\x64\vc16\lib\;D:\OpenCV\opencv\build\java\x64;C:\Program Files\Git\cmd;D:\apache-maven-3.9.9-bin\apache-maven-3.9.9\bin;C:\Program Files (x86)\AOMEI\AOMEI Backupper\7.4.1;C:\Program Files\Docker\Docker\resources\bin;C:\WINDOWS\system32;C:\WINDOWS;C:\WINDOWS\System32\Wbem;C:\WINDOWS\System32\WindowsPowerShell\v1.0\;C:\WINDOWS\System32\OpenSSH\;C:\Program Files (x86)\Bitvise SSH Client;C:\Program Files\NVIDIA Corporation\NVIDIA app\NvDLISR;D:\xampp2\mysql\bin;C:\Users\PT-DIKA\.local\bin;C:\Users\PT-DIKA\AppData\Local\Programs\Python\Python310\Scripts\;C:\Users\PT-DIKA\AppData\Local\Programs\Python\Python310\;C:\Users\PT-DIKA\AppData\Local\Microsoft\WindowsApps;C:\Users\PT-DIKA\AppData\Local\Programs\Microsoft VS Code\bin;C:\Users\PT-DIKA\AppData\Roaming\npm;C:\Program Files\JetBrains\IntelliJ IDEA Community Edition 2023.3.2\bin;;C:\Program Files\mitmproxy\bin;D:\OpenCV\opencv\build\java\x64;C:\Users\PT-DIKA\AppData\Local\Programs\Ollama;;c:\Users\PT-DIKA\AppData\Roaming\Code\User\globalStorage\github.copilot-chat\debugCommand;."/>
    <property name="java.vm.info" value="mixed mode, sharing"/>
    <property name="java.vendor" value="Oracle Corporation"/>
    <property name="java.vm.version" value="17.0.9+11-LTS-201"/>
    <property name="sun.io.unicode.encoding" value="UnicodeLittle"/>
    <property name="java.class.version" value="61.0"/>
  </properties>
  <testcase name="shouldHandleVeryLongContent" classname="com.juaracoding.cicd.models.ChatMessageTest" time="0.001"/>
  <testcase name="shouldHandleSpecialCharactersInContent" classname="com.juaracoding.cicd.models.ChatMessageTest" time="0.001"/>
  <testcase name="shouldCreateChatMessageWithValidRoleAndContent" classname="com.juaracoding.cicd.models.ChatMessageTest" time="0.0"/>
  <testcase name="shouldHandleMultilineContent" classname="com.juaracoding.cicd.models.ChatMessageTest" time="0.0"/>
  <testcase name="shouldHandleDifferentValidRoles(String)[1]" classname="com.juaracoding.cicd.models.ChatMessageTest" time="0.0"/>
  <testcase name="shouldHandleDifferentValidRoles(String)[2]" classname="com.juaracoding.cicd.models.ChatMessageTest" time="0.0"/>
  <testcase name="shouldHandleDifferentValidRoles(String)[3]" classname="com.juaracoding.cicd.models.ChatMessageTest" time="0.0"/>
  <testcase name="shouldHandleNullAndEmptyContent(String)[1]" classname="com.juaracoding.cicd.models.ChatMessageTest" time="0.001"/>
  <testcase name="shouldHandleNullAndEmptyContent(String)[2]" classname="com.juaracoding.cicd.models.ChatMessageTest" time="0.0"/>
  <testcase name="shouldHandleNullAndEmptyRole(String)[1]" classname="com.juaracoding.cicd.models.ChatMessageTest" time="0.0"/>
  <testcase name="shouldHandleNullAndEmptyRole(String)[2]" classname="com.juaracoding.cicd.models.ChatMessageTest" time="0.001"/>
  <testcase name="shouldAllowModificationOfRoleViaSetter" classname="com.juaracoding.cicd.models.ChatMessageTest" time="0.0"/>
  <testcase name="shouldAllowModificationOfContentViaSetter" classname="com.juaracoding.cicd.models.ChatMessageTest" time="0.0"/>
</testsuite>